build/app/intermediates/manifest_merge_blame_file/debug/manifest-merger-blame-debug-report.txt
1<?xml version="1.0" encoding="utf-8"?>
2<manifest xmlns:android="http://schemas.android.com/apk/res/android"
3    package="com.oyunhavuzu.app"
4    android:versionCode="1"
5    android:versionName="1.0.0" >
6
7    <uses-sdk
8        android:minSdkVersion="21"
9        android:targetSdkVersion="35" />
10    <!--
11         Flutter needs it to communicate with the running application
12         to allow setting breakpoints, to provide hot reload, etc.
13    -->
14    <uses-permission android:name="android.permission.INTERNET" />
14-->src\main\AndroidManifest.xml:4:5-67
14-->src\main\AndroidManifest.xml:4:22-64
15    <uses-permission android:name="android.permission.ACCESS_NETWORK_STATE" />
15-->[:connectivity_plus] AndroidManifest.xml:9:5-79
15-->[:connectivity_plus] AndroidManifest.xml:9:22-76
16
17    <queries>
17-->[:flutter_inappwebview_android] AndroidManifest.xml:9:5-13:15
18        <intent>
18-->[:flutter_inappwebview_android] AndroidManifest.xml:10:9-12:18
19            <action android:name="android.support.customtabs.action.CustomTabsService" />
19-->[:flutter_inappwebview_android] AndroidManifest.xml:11:13-90
19-->[:flutter_inappwebview_android] AndroidManifest.xml:11:21-87
20        </intent>
21
22        <package android:name="com.facebook.katana" /> <!-- For browser content -->
22-->[com.facebook.android:audience-network-sdk:6.18.0] AndroidManifest.xml:12:9-55
22-->[com.facebook.android:audience-network-sdk:6.18.0] AndroidManifest.xml:12:18-52
23        <intent>
23-->[com.google.android.gms:play-services-ads-lite:23.4.0] AndroidManifest.xml:38:9-44:18
24            <action android:name="android.intent.action.VIEW" />
24-->[com.onesignal:notifications:5.1.26] AndroidManifest.xml:76:17-69
24-->[com.onesignal:notifications:5.1.26] AndroidManifest.xml:76:25-66
25
26            <category android:name="android.intent.category.BROWSABLE" />
26-->[com.google.android.gms:play-services-ads-lite:23.4.0] AndroidManifest.xml:41:13-74
26-->[com.google.android.gms:play-services-ads-lite:23.4.0] AndroidManifest.xml:41:23-71
27
28            <data android:scheme="https" />
28-->[com.google.android.gms:play-services-ads-lite:23.4.0] AndroidManifest.xml:43:13-44
28-->[com.google.android.gms:play-services-ads-lite:23.4.0] AndroidManifest.xml:43:19-41
29        </intent> <!-- End of CustomTabsService -->
30        <!-- For MRAID capabilities -->
31        <intent>
31-->[com.google.android.gms:play-services-ads-lite:23.4.0] AndroidManifest.xml:52:9-56:18
32            <action android:name="android.intent.action.INSERT" />
32-->[com.google.android.gms:play-services-ads-lite:23.4.0] AndroidManifest.xml:53:13-67
32-->[com.google.android.gms:play-services-ads-lite:23.4.0] AndroidManifest.xml:53:21-64
33
34            <data android:mimeType="vnd.android.cursor.dir/event" />
34-->[com.google.android.gms:play-services-ads-lite:23.4.0] AndroidManifest.xml:43:13-44
35        </intent>
36        <intent>
36-->[com.google.android.gms:play-services-ads-lite:23.4.0] AndroidManifest.xml:57:9-61:18
37            <action android:name="android.intent.action.VIEW" />
37-->[com.onesignal:notifications:5.1.26] AndroidManifest.xml:76:17-69
37-->[com.onesignal:notifications:5.1.26] AndroidManifest.xml:76:25-66
38
39            <data android:scheme="sms" />
39-->[com.google.android.gms:play-services-ads-lite:23.4.0] AndroidManifest.xml:43:13-44
39-->[com.google.android.gms:play-services-ads-lite:23.4.0] AndroidManifest.xml:43:19-41
40        </intent>
41        <intent>
41-->[com.google.android.gms:play-services-ads-lite:23.4.0] AndroidManifest.xml:62:9-66:18
42            <action android:name="android.intent.action.DIAL" />
42-->[com.google.android.gms:play-services-ads-lite:23.4.0] AndroidManifest.xml:63:13-65
42-->[com.google.android.gms:play-services-ads-lite:23.4.0] AndroidManifest.xml:63:21-62
43
44            <data android:path="tel:" />
44-->[com.google.android.gms:play-services-ads-lite:23.4.0] AndroidManifest.xml:43:13-44
45        </intent>
46    </queries> <!-- Create a unique permission for your app and use it so only your app can receive your OneSignal messages. -->
47    <permission
47-->[com.onesignal:notifications:5.1.26] AndroidManifest.xml:10:5-12:47
48        android:name="com.oyunhavuzu.app.permission.C2D_MESSAGE"
48-->[com.onesignal:notifications:5.1.26] AndroidManifest.xml:11:9-63
49        android:protectionLevel="signature" />
49-->[com.onesignal:notifications:5.1.26] AndroidManifest.xml:12:9-44
50
51    <uses-permission android:name="com.oyunhavuzu.app.permission.C2D_MESSAGE" /> <!-- Required runtime permission to display notifications on Android 13 -->
51-->[com.onesignal:notifications:5.1.26] AndroidManifest.xml:14:5-79
51-->[com.onesignal:notifications:5.1.26] AndroidManifest.xml:14:22-76
52    <uses-permission android:name="android.permission.POST_NOTIFICATIONS" /> <!-- Required, makes sure notifications are delivered on time. -->
52-->[com.onesignal:notifications:5.1.26] AndroidManifest.xml:17:5-77
52-->[com.onesignal:notifications:5.1.26] AndroidManifest.xml:17:22-74
53    <uses-permission android:name="android.permission.WAKE_LOCK" /> <!-- c2dm RECEIVE are basic requirements for push messages through Google's FCM -->
53-->[com.onesignal:notifications:5.1.26] AndroidManifest.xml:18:5-68
53-->[com.onesignal:notifications:5.1.26] AndroidManifest.xml:18:22-65
54    <uses-permission android:name="com.google.android.c2dm.permission.RECEIVE" />
54-->[com.onesignal:notifications:5.1.26] AndroidManifest.xml:19:5-82
54-->[com.onesignal:notifications:5.1.26] AndroidManifest.xml:19:22-79
55    <!--
56 Required so the device vibrates on receiving a push notification.
57         Vibration settings of the device still apply.
58    -->
59    <uses-permission android:name="android.permission.VIBRATE" />
59-->[com.onesignal:notifications:5.1.26] AndroidManifest.xml:24:5-66
59-->[com.onesignal:notifications:5.1.26] AndroidManifest.xml:24:22-63
60    <!--
61 Use to restore notifications the user hasn't interacted with.
62     They could be missed notifications if the user reboots their device if this isn't in place.
63    -->
64    <uses-permission android:name="android.permission.RECEIVE_BOOT_COMPLETED" /> <!-- START: ShortcutBadger -->
64-->[com.onesignal:notifications:5.1.26] AndroidManifest.xml:29:5-81
64-->[com.onesignal:notifications:5.1.26] AndroidManifest.xml:29:22-78
65    <!-- Samsung -->
66    <uses-permission android:name="com.sec.android.provider.badge.permission.READ" />
66-->[com.onesignal:notifications:5.1.26] AndroidManifest.xml:31:5-86
66-->[com.onesignal:notifications:5.1.26] AndroidManifest.xml:31:22-83
67    <uses-permission android:name="com.sec.android.provider.badge.permission.WRITE" /> <!-- HTC -->
67-->[com.onesignal:notifications:5.1.26] AndroidManifest.xml:32:5-87
67-->[com.onesignal:notifications:5.1.26] AndroidManifest.xml:32:22-84
68    <uses-permission android:name="com.htc.launcher.permission.READ_SETTINGS" />
68-->[com.onesignal:notifications:5.1.26] AndroidManifest.xml:33:5-81
68-->[com.onesignal:notifications:5.1.26] AndroidManifest.xml:33:22-78
69    <uses-permission android:name="com.htc.launcher.permission.UPDATE_SHORTCUT" /> <!-- Sony -->
69-->[com.onesignal:notifications:5.1.26] AndroidManifest.xml:34:5-83
69-->[com.onesignal:notifications:5.1.26] AndroidManifest.xml:34:22-80
70    <uses-permission android:name="com.sonyericsson.home.permission.BROADCAST_BADGE" />
70-->[com.onesignal:notifications:5.1.26] AndroidManifest.xml:35:5-88
70-->[com.onesignal:notifications:5.1.26] AndroidManifest.xml:35:22-85
71    <uses-permission android:name="com.sonymobile.home.permission.PROVIDER_INSERT_BADGE" /> <!-- Apex -->
71-->[com.onesignal:notifications:5.1.26] AndroidManifest.xml:36:5-92
71-->[com.onesignal:notifications:5.1.26] AndroidManifest.xml:36:22-89
72    <uses-permission android:name="com.anddoes.launcher.permission.UPDATE_COUNT" /> <!-- Solid -->
72-->[com.onesignal:notifications:5.1.26] AndroidManifest.xml:37:5-84
72-->[com.onesignal:notifications:5.1.26] AndroidManifest.xml:37:22-81
73    <uses-permission android:name="com.majeur.launcher.permission.UPDATE_BADGE" /> <!-- Huawei -->
73-->[com.onesignal:notifications:5.1.26] AndroidManifest.xml:38:5-83
73-->[com.onesignal:notifications:5.1.26] AndroidManifest.xml:38:22-80
74    <uses-permission android:name="com.huawei.android.launcher.permission.CHANGE_BADGE" />
74-->[com.onesignal:notifications:5.1.26] AndroidManifest.xml:39:5-91
74-->[com.onesignal:notifications:5.1.26] AndroidManifest.xml:39:22-88
75    <uses-permission android:name="com.huawei.android.launcher.permission.READ_SETTINGS" />
75-->[com.onesignal:notifications:5.1.26] AndroidManifest.xml:40:5-92
75-->[com.onesignal:notifications:5.1.26] AndroidManifest.xml:40:22-89
76    <uses-permission android:name="com.huawei.android.launcher.permission.WRITE_SETTINGS" /> <!-- ZUK -->
76-->[com.onesignal:notifications:5.1.26] AndroidManifest.xml:41:5-93
76-->[com.onesignal:notifications:5.1.26] AndroidManifest.xml:41:22-90
77    <uses-permission android:name="android.permission.READ_APP_BADGE" /> <!-- OPPO -->
77-->[com.onesignal:notifications:5.1.26] AndroidManifest.xml:42:5-73
77-->[com.onesignal:notifications:5.1.26] AndroidManifest.xml:42:22-70
78    <uses-permission android:name="com.oppo.launcher.permission.READ_SETTINGS" />
78-->[com.onesignal:notifications:5.1.26] AndroidManifest.xml:43:5-82
78-->[com.onesignal:notifications:5.1.26] AndroidManifest.xml:43:22-79
79    <uses-permission android:name="com.oppo.launcher.permission.WRITE_SETTINGS" /> <!-- EvMe -->
79-->[com.onesignal:notifications:5.1.26] AndroidManifest.xml:44:5-83
79-->[com.onesignal:notifications:5.1.26] AndroidManifest.xml:44:22-80
80    <uses-permission android:name="me.everything.badger.permission.BADGE_COUNT_READ" />
80-->[com.onesignal:notifications:5.1.26] AndroidManifest.xml:45:5-88
80-->[com.onesignal:notifications:5.1.26] AndroidManifest.xml:45:22-85
81    <uses-permission android:name="me.everything.badger.permission.BADGE_COUNT_WRITE" />
81-->[com.onesignal:notifications:5.1.26] AndroidManifest.xml:46:5-89
81-->[com.onesignal:notifications:5.1.26] AndroidManifest.xml:46:22-86
82    <uses-permission android:name="com.google.android.gms.permission.AD_ID" />
82-->[com.google.android.gms:play-services-measurement-api:22.1.2] AndroidManifest.xml:25:5-79
82-->[com.google.android.gms:play-services-measurement-api:22.1.2] AndroidManifest.xml:25:22-76
83    <uses-permission android:name="android.permission.ACCESS_ADSERVICES_ATTRIBUTION" />
83-->[com.google.android.gms:play-services-measurement-api:22.1.2] AndroidManifest.xml:26:5-88
83-->[com.google.android.gms:play-services-measurement-api:22.1.2] AndroidManifest.xml:26:22-85
84    <uses-permission android:name="android.permission.ACCESS_ADSERVICES_AD_ID" />
84-->[com.google.android.gms:play-services-measurement-api:22.1.2] AndroidManifest.xml:27:5-82
84-->[com.google.android.gms:play-services-measurement-api:22.1.2] AndroidManifest.xml:27:22-79
85    <uses-permission android:name="android.permission.ACCESS_ADSERVICES_TOPICS" />
85-->[com.google.android.gms:play-services-ads-lite:23.4.0] AndroidManifest.xml:29:5-83
85-->[com.google.android.gms:play-services-ads-lite:23.4.0] AndroidManifest.xml:29:22-80
86    <uses-permission android:name="com.google.android.finsky.permission.BIND_GET_INSTALL_REFERRER_SERVICE" />
86-->[com.google.android.gms:play-services-measurement:22.1.2] AndroidManifest.xml:26:5-110
86-->[com.google.android.gms:play-services-measurement:22.1.2] AndroidManifest.xml:26:22-107
87    <uses-permission android:name="android.permission.FOREGROUND_SERVICE" />
87-->[androidx.work:work-runtime:2.8.1] AndroidManifest.xml:26:5-77
87-->[androidx.work:work-runtime:2.8.1] AndroidManifest.xml:26:22-74
88
89    <permission
89-->[androidx.core:core:1.13.1] AndroidManifest.xml:22:5-24:47
90        android:name="com.oyunhavuzu.app.DYNAMIC_RECEIVER_NOT_EXPORTED_PERMISSION"
90-->[androidx.core:core:1.13.1] AndroidManifest.xml:23:9-81
91        android:protectionLevel="signature" />
91-->[androidx.core:core:1.13.1] AndroidManifest.xml:24:9-44
92
93    <uses-permission android:name="com.oyunhavuzu.app.DYNAMIC_RECEIVER_NOT_EXPORTED_PERMISSION" />
93-->[androidx.core:core:1.13.1] AndroidManifest.xml:26:5-97
93-->[androidx.core:core:1.13.1] AndroidManifest.xml:26:22-94
94
95    <application
96        android:name="android.app.Application"
97        android:appComponentFactory="androidx.core.app.CoreComponentFactory"
97-->[androidx.core:core:1.13.1] AndroidManifest.xml:28:18-86
98        android:debuggable="true"
99        android:hardwareAccelerated="true"
99-->[:facebook_audience_network] AndroidManifest.xml:9:18-52
100        android:icon="@mipmap/launcher_icon"
101        android:label="Oyun Havuzu" >
102        <activity
103            android:name="com.oyunhavuzu.app.MainActivity"
104            android:configChanges="orientation|keyboardHidden|keyboard|screenSize|smallestScreenSize|locale|layoutDirection|fontScale|screenLayout|density|uiMode"
105            android:exported="true"
106            android:hardwareAccelerated="true"
107            android:launchMode="singleTop"
108            android:theme="@style/LaunchTheme"
109            android:windowSoftInputMode="adjustResize" >
110            <meta-data
111                android:name="io.flutter.embedding.android.NormalTheme"
112                android:resource="@style/NormalTheme" />
113
114            <intent-filter>
115                <action android:name="android.intent.action.MAIN" />
116
117                <category android:name="android.intent.category.LAUNCHER" />
118            </intent-filter>
119        </activity>
120
121        <meta-data
122            android:name="com.google.android.gms.ads.APPLICATION_ID"
123            android:value="ca-app-pub-3940256099942544~3347511713" />
124        <meta-data
125            android:name="flutterEmbedding"
126            android:value="2" />
127        <meta-data
128            android:name="com.onesignal.suppressLaunchURLs"
129            android:value="true" />
130
131        <service
131-->[:firebase_core] AndroidManifest.xml:10:9-14:19
132            android:name="com.google.firebase.components.ComponentDiscoveryService"
132-->[:firebase_core] AndroidManifest.xml:10:18-89
133            android:directBootAware="true"
133-->[com.google.firebase:firebase-common:21.0.0] AndroidManifest.xml:32:13-43
134            android:exported="false" >
134-->[com.google.firebase:firebase-crashlytics:19.3.0] AndroidManifest.xml:14:13-37
135            <meta-data
135-->[:firebase_core] AndroidManifest.xml:11:13-13:85
136                android:name="com.google.firebase.components:io.flutter.plugins.firebase.core.FlutterFirebaseCoreRegistrar"
136-->[:firebase_core] AndroidManifest.xml:12:17-124
137                android:value="com.google.firebase.components.ComponentRegistrar" />
137-->[:firebase_core] AndroidManifest.xml:13:17-82
138            <meta-data
138-->[com.google.firebase:firebase-crashlytics:19.3.0] AndroidManifest.xml:15:13-17:85
139                android:name="com.google.firebase.components:com.google.firebase.crashlytics.FirebaseCrashlyticsKtxRegistrar"
139-->[com.google.firebase:firebase-crashlytics:19.3.0] AndroidManifest.xml:16:17-126
140                android:value="com.google.firebase.components.ComponentRegistrar" />
140-->[com.google.firebase:firebase-crashlytics:19.3.0] AndroidManifest.xml:17:17-82
141            <meta-data
141-->[com.google.firebase:firebase-crashlytics:19.3.0] AndroidManifest.xml:18:13-20:85
142                android:name="com.google.firebase.components:com.google.firebase.crashlytics.CrashlyticsRegistrar"
142-->[com.google.firebase:firebase-crashlytics:19.3.0] AndroidManifest.xml:19:17-115
143                android:value="com.google.firebase.components.ComponentRegistrar" />
143-->[com.google.firebase:firebase-crashlytics:19.3.0] AndroidManifest.xml:20:17-82
144            <meta-data
144-->[com.google.firebase:firebase-sessions:2.0.7] AndroidManifest.xml:29:13-31:85
145                android:name="com.google.firebase.components:com.google.firebase.sessions.FirebaseSessionsRegistrar"
145-->[com.google.firebase:firebase-sessions:2.0.7] AndroidManifest.xml:30:17-117
146                android:value="com.google.firebase.components.ComponentRegistrar" />
146-->[com.google.firebase:firebase-sessions:2.0.7] AndroidManifest.xml:31:17-82
147            <meta-data
147-->[com.google.firebase:firebase-messaging:24.1.0] AndroidManifest.xml:57:13-59:85
148                android:name="com.google.firebase.components:com.google.firebase.messaging.FirebaseMessagingKtxRegistrar"
148-->[com.google.firebase:firebase-messaging:24.1.0] AndroidManifest.xml:58:17-122
149                android:value="com.google.firebase.components.ComponentRegistrar" />
149-->[com.google.firebase:firebase-messaging:24.1.0] AndroidManifest.xml:59:17-82
150            <meta-data
150-->[com.google.firebase:firebase-messaging:24.1.0] AndroidManifest.xml:60:13-62:85
151                android:name="com.google.firebase.components:com.google.firebase.messaging.FirebaseMessagingRegistrar"
151-->[com.google.firebase:firebase-messaging:24.1.0] AndroidManifest.xml:61:17-119
152                android:value="com.google.firebase.components.ComponentRegistrar" />
152-->[com.google.firebase:firebase-messaging:24.1.0] AndroidManifest.xml:62:17-82
153            <meta-data
153-->[com.google.firebase:firebase-datatransport:19.0.0] AndroidManifest.xml:25:13-27:85
154                android:name="com.google.firebase.components:com.google.firebase.datatransport.TransportRegistrar"
154-->[com.google.firebase:firebase-datatransport:19.0.0] AndroidManifest.xml:26:17-115
155                android:value="com.google.firebase.components.ComponentRegistrar" />
155-->[com.google.firebase:firebase-datatransport:19.0.0] AndroidManifest.xml:27:17-82
156            <meta-data
156-->[com.google.android.gms:play-services-measurement-api:22.1.2] AndroidManifest.xml:37:13-39:85
157                android:name="com.google.firebase.components:com.google.firebase.analytics.connector.internal.AnalyticsConnectorRegistrar"
157-->[com.google.android.gms:play-services-measurement-api:22.1.2] AndroidManifest.xml:38:17-139
158                android:value="com.google.firebase.components.ComponentRegistrar" />
158-->[com.google.android.gms:play-services-measurement-api:22.1.2] AndroidManifest.xml:39:17-82
159            <meta-data
159-->[com.google.firebase:firebase-installations:18.0.0] AndroidManifest.xml:15:13-17:85
160                android:name="com.google.firebase.components:com.google.firebase.installations.FirebaseInstallationsKtxRegistrar"
160-->[com.google.firebase:firebase-installations:18.0.0] AndroidManifest.xml:16:17-130
161                android:value="com.google.firebase.components.ComponentRegistrar" />
161-->[com.google.firebase:firebase-installations:18.0.0] AndroidManifest.xml:17:17-82
162            <meta-data
162-->[com.google.firebase:firebase-installations:18.0.0] AndroidManifest.xml:18:13-20:85
163                android:name="com.google.firebase.components:com.google.firebase.installations.FirebaseInstallationsRegistrar"
163-->[com.google.firebase:firebase-installations:18.0.0] AndroidManifest.xml:19:17-127
164                android:value="com.google.firebase.components.ComponentRegistrar" />
164-->[com.google.firebase:firebase-installations:18.0.0] AndroidManifest.xml:20:17-82
165            <meta-data
165-->[com.google.firebase:firebase-common-ktx:21.0.0] AndroidManifest.xml:12:13-14:85
166                android:name="com.google.firebase.components:com.google.firebase.ktx.FirebaseCommonLegacyRegistrar"
166-->[com.google.firebase:firebase-common-ktx:21.0.0] AndroidManifest.xml:13:17-116
167                android:value="com.google.firebase.components.ComponentRegistrar" />
167-->[com.google.firebase:firebase-common-ktx:21.0.0] AndroidManifest.xml:14:17-82
168            <meta-data
168-->[com.google.firebase:firebase-common:21.0.0] AndroidManifest.xml:35:13-37:85
169                android:name="com.google.firebase.components:com.google.firebase.FirebaseCommonKtxRegistrar"
169-->[com.google.firebase:firebase-common:21.0.0] AndroidManifest.xml:36:17-109
170                android:value="com.google.firebase.components.ComponentRegistrar" />
170-->[com.google.firebase:firebase-common:21.0.0] AndroidManifest.xml:37:17-82
171        </service>
172
173        <activity
173-->[:flutter_inappwebview_android] AndroidManifest.xml:16:9-20:47
174            android:name="com.pichillilorenzo.flutter_inappwebview_android.in_app_browser.InAppBrowserActivity"
174-->[:flutter_inappwebview_android] AndroidManifest.xml:17:13-112
175            android:configChanges="orientation|keyboardHidden|keyboard|screenSize|locale|layoutDirection|fontScale|screenLayout|density"
175-->[:flutter_inappwebview_android] AndroidManifest.xml:18:13-137
176            android:exported="false"
176-->[:flutter_inappwebview_android] AndroidManifest.xml:19:13-37
177            android:theme="@style/AppTheme" />
177-->[:flutter_inappwebview_android] AndroidManifest.xml:20:13-44
178        <activity
178-->[:flutter_inappwebview_android] AndroidManifest.xml:21:9-24:55
179            android:name="com.pichillilorenzo.flutter_inappwebview_android.chrome_custom_tabs.ChromeCustomTabsActivity"
179-->[:flutter_inappwebview_android] AndroidManifest.xml:22:13-120
180            android:exported="false"
180-->[:flutter_inappwebview_android] AndroidManifest.xml:23:13-37
181            android:theme="@style/ThemeTransparent" />
181-->[:flutter_inappwebview_android] AndroidManifest.xml:24:13-52
182        <activity
182-->[:flutter_inappwebview_android] AndroidManifest.xml:25:9-28:55
183            android:name="com.pichillilorenzo.flutter_inappwebview_android.chrome_custom_tabs.TrustedWebActivity"
183-->[:flutter_inappwebview_android] AndroidManifest.xml:26:13-114
184            android:exported="false"
184-->[:flutter_inappwebview_android] AndroidManifest.xml:27:13-37
185            android:theme="@style/ThemeTransparent" />
185-->[:flutter_inappwebview_android] AndroidManifest.xml:28:13-52
186        <activity
186-->[:flutter_inappwebview_android] AndroidManifest.xml:29:9-33:55
187            android:name="com.pichillilorenzo.flutter_inappwebview_android.chrome_custom_tabs.ChromeCustomTabsActivitySingleInstance"
187-->[:flutter_inappwebview_android] AndroidManifest.xml:30:13-134
188            android:exported="false"
188-->[:flutter_inappwebview_android] AndroidManifest.xml:31:13-37
189            android:launchMode="singleInstance"
189-->[:flutter_inappwebview_android] AndroidManifest.xml:32:13-48
190            android:theme="@style/ThemeTransparent" />
190-->[:flutter_inappwebview_android] AndroidManifest.xml:33:13-52
191        <activity
191-->[:flutter_inappwebview_android] AndroidManifest.xml:34:9-38:55
192            android:name="com.pichillilorenzo.flutter_inappwebview_android.chrome_custom_tabs.TrustedWebActivitySingleInstance"
192-->[:flutter_inappwebview_android] AndroidManifest.xml:35:13-128
193            android:exported="false"
193-->[:flutter_inappwebview_android] AndroidManifest.xml:36:13-37
194            android:launchMode="singleInstance"
194-->[:flutter_inappwebview_android] AndroidManifest.xml:37:13-48
195            android:theme="@style/ThemeTransparent" />
195-->[:flutter_inappwebview_android] AndroidManifest.xml:38:13-52
196
197        <receiver
197-->[:flutter_inappwebview_android] AndroidManifest.xml:40:9-43:40
198            android:name="com.pichillilorenzo.flutter_inappwebview_android.chrome_custom_tabs.ActionBroadcastReceiver"
198-->[:flutter_inappwebview_android] AndroidManifest.xml:41:13-119
199            android:enabled="true"
199-->[:flutter_inappwebview_android] AndroidManifest.xml:42:13-35
200            android:exported="false" />
200-->[:flutter_inappwebview_android] AndroidManifest.xml:43:13-37
201
202        <meta-data
202-->[:flutter_inappwebview_android] AndroidManifest.xml:45:9-47:36
203            android:name="io.flutter.embedded_views_preview"
203-->[:flutter_inappwebview_android] AndroidManifest.xml:46:13-61
204            android:value="true" />
204-->[:flutter_inappwebview_android] AndroidManifest.xml:47:13-33
205        <!--
206           Declares a provider which allows us to store files to share in
207           '.../caches/share_plus' and grant the receiving action access
208        -->
209        <provider
209-->[:share_plus] AndroidManifest.xml:15:9-23:20
210            android:name="dev.fluttercommunity.plus.share.ShareFileProvider"
210-->[:share_plus] AndroidManifest.xml:16:13-77
211            android:authorities="com.oyunhavuzu.app.flutter.share_provider"
211-->[:share_plus] AndroidManifest.xml:17:13-74
212            android:exported="false"
212-->[:share_plus] AndroidManifest.xml:18:13-37
213            android:grantUriPermissions="true" >
213-->[:share_plus] AndroidManifest.xml:19:13-47
214            <meta-data
214-->[:share_plus] AndroidManifest.xml:20:13-22:68
215                android:name="android.support.FILE_PROVIDER_PATHS"
215-->[:share_plus] AndroidManifest.xml:21:17-67
216                android:resource="@xml/flutter_share_file_paths" />
216-->[:share_plus] AndroidManifest.xml:22:17-65
217        </provider>
218        <!--
219           This manifest declared broadcast receiver allows us to use an explicit
220           Intent when creating a PendingItent to be informed of the user's choice
221        -->
222        <receiver
222-->[:share_plus] AndroidManifest.xml:28:9-34:20
223            android:name="dev.fluttercommunity.plus.share.SharePlusPendingIntent"
223-->[:share_plus] AndroidManifest.xml:29:13-82
224            android:exported="false" >
224-->[:share_plus] AndroidManifest.xml:30:13-37
225            <intent-filter>
225-->[:share_plus] AndroidManifest.xml:31:13-33:29
226                <action android:name="EXTRA_CHOSEN_COMPONENT" />
226-->[:share_plus] AndroidManifest.xml:32:17-65
226-->[:share_plus] AndroidManifest.xml:32:25-62
227            </intent-filter>
228        </receiver>
229
230        <activity
230-->[:url_launcher_android] AndroidManifest.xml:10:9-13:74
231            android:name="io.flutter.plugins.urllauncher.WebViewActivity"
231-->[:url_launcher_android] AndroidManifest.xml:11:13-74
232            android:exported="false"
232-->[:url_launcher_android] AndroidManifest.xml:12:13-37
233            android:theme="@android:style/Theme.NoTitleBar.Fullscreen" />
233-->[:url_launcher_android] AndroidManifest.xml:13:13-71
234
235        <service
235-->[com.google.firebase:firebase-sessions:2.0.7] AndroidManifest.xml:22:9-25:40
236            android:name="com.google.firebase.sessions.SessionLifecycleService"
236-->[com.google.firebase:firebase-sessions:2.0.7] AndroidManifest.xml:23:13-80
237            android:enabled="true"
237-->[com.google.firebase:firebase-sessions:2.0.7] AndroidManifest.xml:24:13-35
238            android:exported="false" />
238-->[com.google.firebase:firebase-sessions:2.0.7] AndroidManifest.xml:25:13-37
239
240        <receiver
240-->[com.onesignal:notifications:5.1.26] AndroidManifest.xml:49:9-60:20
241            android:name="com.onesignal.notifications.receivers.FCMBroadcastReceiver"
241-->[com.onesignal:notifications:5.1.26] AndroidManifest.xml:50:13-86
242            android:exported="true"
242-->[com.onesignal:notifications:5.1.26] AndroidManifest.xml:51:13-36
243            android:permission="com.google.android.c2dm.permission.SEND" >
243-->[com.onesignal:notifications:5.1.26] AndroidManifest.xml:52:13-73
244
245            <!-- High priority so OneSignal payloads can be filtered from other FCM receivers -->
246            <intent-filter android:priority="999" >
246-->[com.onesignal:notifications:5.1.26] AndroidManifest.xml:55:13-59:29
246-->[com.onesignal:notifications:5.1.26] AndroidManifest.xml:55:28-50
247                <action android:name="com.google.android.c2dm.intent.RECEIVE" />
247-->[com.onesignal:notifications:5.1.26] AndroidManifest.xml:56:17-81
247-->[com.onesignal:notifications:5.1.26] AndroidManifest.xml:56:25-78
248
249                <category android:name="com.oyunhavuzu.app" />
249-->[com.onesignal:notifications:5.1.26] AndroidManifest.xml:58:17-61
249-->[com.onesignal:notifications:5.1.26] AndroidManifest.xml:58:27-58
250            </intent-filter>
251        </receiver>
252
253        <service
253-->[com.onesignal:notifications:5.1.26] AndroidManifest.xml:62:9-68:19
254            android:name="com.onesignal.notifications.services.HmsMessageServiceOneSignal"
254-->[com.onesignal:notifications:5.1.26] AndroidManifest.xml:63:13-91
255            android:exported="false" >
255-->[com.onesignal:notifications:5.1.26] AndroidManifest.xml:64:13-37
256            <intent-filter>
256-->[com.onesignal:notifications:5.1.26] AndroidManifest.xml:65:13-67:29
257                <action android:name="com.huawei.push.action.MESSAGING_EVENT" />
257-->[com.onesignal:notifications:5.1.26] AndroidManifest.xml:66:17-81
257-->[com.onesignal:notifications:5.1.26] AndroidManifest.xml:66:25-78
258            </intent-filter>
259        </service>
260
261        <activity
261-->[com.onesignal:notifications:5.1.26] AndroidManifest.xml:70:9-78:20
262            android:name="com.onesignal.notifications.activities.NotificationOpenedActivityHMS"
262-->[com.onesignal:notifications:5.1.26] AndroidManifest.xml:71:13-96
263            android:exported="true"
263-->[com.onesignal:notifications:5.1.26] AndroidManifest.xml:72:13-36
264            android:noHistory="true"
264-->[com.onesignal:notifications:5.1.26] AndroidManifest.xml:73:13-37
265            android:theme="@android:style/Theme.Translucent.NoTitleBar" >
265-->[com.onesignal:notifications:5.1.26] AndroidManifest.xml:74:13-72
266            <intent-filter>
266-->[com.onesignal:notifications:5.1.26] AndroidManifest.xml:75:13-77:29